2020-08-22 0:36:00 - MOD: Modification Default

FILE: system/engine/action.php
REGEX: ~(require|include)(_once)?\(([^)]+)~
LINE: 69

FILE: system/engine/loader.php
REGEX: ~(require|include)(_once)?\(([^)]+)~
LINE: 77
LINE: 151
LINE: 168

FILE: system/library/config.php
REGEX: ~(require|include)(_once)?\(([^)]+)~
LINE: 59

FILE: system/library/language.php
REGEX: ~(require|include)(_once)?\(([^)]+)~
LINE: 67
LINE: 73

FILE: system/library/template/template.php
REGEX: ~(require|include)(_once)?\(([^)]+)~
LINE: 18

FILE: system/library/template/twig.php
CODE: $loader = new \Twig_Loader_Filesystem(DIR_TEMPLATE);
LINE: 19
----------------------------------------------------------------
MOD: Quick Enable/Disable Product

FILE: admin/controller/catalog/product.php
CODE: protected function getList() {
LINE: 229
CODE: ? $this->language->get('text_enabled') : $this->language->get('text_disabled'),
LINE: 371
CODE: public function delete() {
LINE: 144
CODE: protected function validateDelete() {
LINE: 1263

FILE: admin/model/catalog/product.php
CODE: public function deleteProduct($product_id) {
LINE: 331

FILE: admin/view/template/catalog/product_list.twig
CODE: <td class="text-left">{{ product.status }}</td>
LINE: 174
CODE: {{ footer }}
LINE: 324
----------------------------------------------------------------
2020-08-26 21:56:38 - MOD: Modification Default

FILE: system/engine/action.php
REGEX: ~(require|include)(_once)?\(([^)]+)~
LINE: 69

FILE: system/engine/loader.php
REGEX: ~(require|include)(_once)?\(([^)]+)~
LINE: 77
LINE: 151
LINE: 168

FILE: system/library/config.php
REGEX: ~(require|include)(_once)?\(([^)]+)~
LINE: 59

FILE: system/library/language.php
REGEX: ~(require|include)(_once)?\(([^)]+)~
LINE: 67
LINE: 73

FILE: system/library/template/template.php
REGEX: ~(require|include)(_once)?\(([^)]+)~
LINE: 18

FILE: system/library/template/twig.php
CODE: $loader = new \Twig_Loader_Filesystem(DIR_TEMPLATE);
LINE: 19
----------------------------------------------------------------
MOD: Quick Enable/Disable Product

FILE: admin/controller/catalog/product.php
CODE: protected function getList() {
LINE: 229
CODE: ? $this->language->get('text_enabled') : $this->language->get('text_disabled'),
LINE: 371
CODE: public function delete() {
LINE: 144
CODE: protected function validateDelete() {
LINE: 1263

FILE: admin/model/catalog/product.php
CODE: public function deleteProduct($product_id) {
LINE: 331

FILE: admin/view/template/catalog/product_list.twig
CODE: <td class="text-left">{{ product.status }}</td>
LINE: 174
CODE: {{ footer }}
LINE: 324
----------------------------------------------------------------
2020-08-26 22:16:46 - MOD: Modification Default

FILE: system/engine/action.php
REGEX: ~(require|include)(_once)?\(([^)]+)~
LINE: 69

FILE: system/engine/loader.php
REGEX: ~(require|include)(_once)?\(([^)]+)~
LINE: 77
LINE: 151
LINE: 168

FILE: system/library/config.php
REGEX: ~(require|include)(_once)?\(([^)]+)~
LINE: 59

FILE: system/library/language.php
REGEX: ~(require|include)(_once)?\(([^)]+)~
LINE: 67
LINE: 73

FILE: system/library/template/template.php
REGEX: ~(require|include)(_once)?\(([^)]+)~
LINE: 18

FILE: system/library/template/twig.php
CODE: $loader = new \Twig_Loader_Filesystem(DIR_TEMPLATE);
LINE: 19
----------------------------------------------------------------
MOD: Quick Enable/Disable Product

FILE: admin/controller/catalog/product.php
CODE: protected function getList() {
LINE: 229
CODE: ? $this->language->get('text_enabled') : $this->language->get('text_disabled'),
LINE: 371
CODE: public function delete() {
LINE: 144
CODE: protected function validateDelete() {
LINE: 1263

FILE: admin/model/catalog/product.php
CODE: public function deleteProduct($product_id) {
LINE: 331

FILE: admin/view/template/catalog/product_list.twig
CODE: <td class="text-left">{{ product.status }}</td>
LINE: 174
CODE: {{ footer }}
LINE: 324
----------------------------------------------------------------
2020-08-26 22:47:12 - MOD: Modification Default

FILE: system/engine/action.php
REGEX: ~(require|include)(_once)?\(([^)]+)~
LINE: 69

FILE: system/engine/loader.php
REGEX: ~(require|include)(_once)?\(([^)]+)~
LINE: 77
LINE: 151
LINE: 168

FILE: system/library/config.php
REGEX: ~(require|include)(_once)?\(([^)]+)~
LINE: 59

FILE: system/library/language.php
REGEX: ~(require|include)(_once)?\(([^)]+)~
LINE: 67
LINE: 73

FILE: system/library/template/template.php
REGEX: ~(require|include)(_once)?\(([^)]+)~
LINE: 18

FILE: system/library/template/twig.php
CODE: $loader = new \Twig_Loader_Filesystem(DIR_TEMPLATE);
LINE: 19
----------------------------------------------------------------
MOD: Quick Enable/Disable Product

FILE: admin/controller/catalog/product.php
CODE: protected function getList() {
LINE: 229
CODE: ? $this->language->get('text_enabled') : $this->language->get('text_disabled'),
LINE: 371
CODE: public function delete() {
LINE: 144
CODE: protected function validateDelete() {
LINE: 1263

FILE: admin/model/catalog/product.php
CODE: public function deleteProduct($product_id) {
LINE: 331

FILE: admin/view/template/catalog/product_list.twig
CODE: <td class="text-left">{{ product.status }}</td>
LINE: 174
CODE: {{ footer }}
LINE: 324
----------------------------------------------------------------
